[03:25:09] [main/INFO]: Loading Minecraft 1.20.1 with Fabric Loader 0.16.10
[03:25:10] [ForkJoinPool-1-worker-4/WARN]: The mod "dungeons_arise" contains invalid entries in its mod json:
- Unsupported root entry "credits" at line 12 column 12
[03:25:10] [ForkJoinPool-1-worker-2/WARN]: The mod "luna" contains invalid entries in its mod json:
- Unsupported root entry "credits" at line 10 column 14
- Unsupported root entry "incompatible" at line 34 column 19
[03:25:10] [ForkJoinPool-1-worker-1/WARN]: The mod "openblocks" contains invalid entries in its mod json:
- Unsupported root entry "client" at line 24 column 11
[03:25:10] [ForkJoinPool-1-worker-3/WARN]: Mod explorify uses the version v1.3.0-mc1.20 which isn't compatible with Loader's extended semantic version format (Could not parse version number component 'v1'!), SemVer is recommended for reliably evaluating dependencies and prioritizing newer version
[03:25:10] [ForkJoinPool-1-worker-3/WARN]: Mod oceansdelight uses the version fdrf-fabric-1.0.2-1.20 which isn't compatible with Loader's extended semantic version format (Could not parse version number component 'fdrf'!), SemVer is recommended for reliably evaluating dependencies and prioritizing newer version
[03:25:10] [ForkJoinPool-1-worker-4/WARN]: Mod geophilic uses the version v2.1.0-mc1.20u1.20.2 which isn't compatible with Loader's extended semantic version format (Could not parse version number component 'v2'!), SemVer is recommended for reliably evaluating dependencies and prioritizing newer version
[03:25:10] [ForkJoinPool-1-worker-3/WARN]: Mod magna uses the version ${version} which isn't compatible with Loader's extended semantic version format (Could not parse version number component '${version}'!), SemVer is recommended for reliably evaluating dependencies and prioritizing newer version
[03:25:10] [ForkJoinPool-1-worker-3/WARN]: Mod ends_delight uses the version refabricated-1.20.1-alpha-1.0 which isn't compatible with Loader's extended semantic version format (Could not parse version number component 'refabricated'!), SemVer is recommended for reliably evaluating dependencies and prioritizing newer version
[03:25:10] [ForkJoinPool-1-worker-2/WARN]: Mod wither_spawn_fix uses the version MC1.20.1-1.0.0 which isn't compatible with Loader's extended semantic version format (Could not parse version number component 'MC1'!), SemVer is recommended for reliably evaluating dependencies and prioritizing newer version
[03:25:10] [ForkJoinPool-1-worker-3/WARN]: Mod io_netty_netty-handler-proxy uses the version 4.1.82.Final which isn't compatible with Loader's extended semantic version format (Could not parse version number component 'Final'!), SemVer is recommended for reliably evaluating dependencies and prioritizing newer version
[03:25:10] [ForkJoinPool-1-worker-3/WARN]: Mod io_netty_netty-codec-socks uses the version 4.1.82.Final which isn't compatible with Loader's extended semantic version format (Could not parse version number component 'Final'!), SemVer is recommended for reliably evaluating dependencies and prioritizing newer version
[03:25:10] [ForkJoinPool-1-worker-1/WARN]: Mod netherdepthsupgrade uses the version fabric-3.1.1-1.20 which isn't compatible with Loader's extended semantic version format (Could not parse version number component 'fabric'!), SemVer is recommended for reliably evaluating dependencies and prioritizing newer version
[03:25:10] [ForkJoinPool-1-worker-3/WARN]: Mod io_netty_netty-codec-http uses the version 4.1.82.Final which isn't compatible with Loader's extended semantic version format (Could not parse version number component 'Final'!), SemVer is recommended for reliably evaluating dependencies and prioritizing newer version
[03:25:10] [main/INFO]: Dependencies overridden for smoothgui, create_questing, estrogen, thermoo, bettertrims, frostiful, chatanimation, copycats
[03:25:11] [main/WARN]: Mod resolution failed
[03:25:11] [main/INFO]: Immediate reason: [HARD_DEP_INCOMPATIBLE_PRESELECTED globalxp 1.12.1 {depends minecraft @ [>=1.21.4]}, ROOT_FORCELOAD_SINGLE globalxp 1.12.1]
[03:25:11] [main/INFO]: Reason: [HARD_DEP globalxp 1.12.1 {depends minecraft @ [>=1.21.4]}, HARD_DEP globalxp 1.12.1 {depends java @ [>=21]}]
[03:25:11] [main/INFO]: SERVER environment disabled: [fabric-model-loading-api-v1, fabric-renderer-api-v1, fabric-keybindings-v0, modmenu, fabric-client-tags-api-v1, fabric-screen-api-v1, fabric-renderer-indigo, fabric-blockrenderlayer-v1, fabric-renderer-registries-v1, flywheel, fabric-models-v0, fabric-rendering-v0, fabric-sound-api-v1, fabric-key-binding-api-v1, fabric-rendering-v1, noindium, spruceui]
[03:25:11] [main/INFO]: Fix: add [], remove [], replace [[globalxp 1.12.1] -> add:globalxp 1 ([(-∞,∞)])]
[03:25:11] [main/ERROR]: Incompatible mods found!
net.fabricmc.loader.impl.FormattedException: Some of your mods are incompatible with the game or each other!
A potential solution has been determined, this may resolve your problem:
	 - Replace mod 'Global XP' (globalxp) 1.12.1 with any version that is compatible with:
		 - minecraft 1.20.1
		 - java 17
More details:
	 - Mod 'Global XP' (globalxp) 1.12.1 requires version 1.21.4 or later of 'Minecraft' (minecraft), but only the wrong version is present: 1.20.1!
	 - Mod 'Global XP' (globalxp) 1.12.1 requires version 21 or later of 'OpenJDK 64-Bit Server VM' (java), but only the wrong version is present: 17!
	at net.fabricmc.loader.impl.FormattedException.ofLocalized(FormattedException.java:51) ~[fabric-loader-0.16.10.jar:?]
	at net.fabricmc.loader.impl.FabricLoaderImpl.load(FabricLoaderImpl.java:196) ~[fabric-loader-0.16.10.jar:?]
	at net.fabricmc.loader.impl.launch.knot.Knot.init(Knot.java:146) ~[fabric-loader-0.16.10.jar:?]
	at net.fabricmc.loader.impl.launch.knot.Knot.launch(Knot.java:68) ~[fabric-loader-0.16.10.jar:?]
	at net.fabricmc.loader.impl.launch.knot.KnotServer.main(KnotServer.java:23) ~[fabric-loader-0.16.10.jar:?]
	at net.fabricmc.loader.impl.launch.server.FabricServerLauncher.main(FabricServerLauncher.java:69) ~[fabric-loader-0.16.10.jar:?]
	at net.fabricmc.installer.ServerLauncher.main(ServerLauncher.java:69) ~[fabric-server-launch.jar:1.0.1]
